<?xml version="1.0" encoding="UTF-8"?>
<testng-results ignored="0" total="1" passed="1" failed="0" skipped="0">
  <reporter-output>
  </reporter-output>
  <suite started-at="2021-01-21T01:38:31Z" name="Default suite" finished-at="2021-01-21T01:38:43Z" duration-ms="12151">
    <groups>
    </groups>
    <test started-at="2021-01-21T01:38:31Z" name="Default test" finished-at="2021-01-21T01:38:43Z" duration-ms="12151">
      <class name="SeleniumGradleProject.TestCase001">
        <test-method is-config="true" signature="login()[pri:0, instance:SeleniumGradleProject.TestCase001@75d2da2d]" started-at="2021-01-21T01:38:31Z" name="login" finished-at="2021-01-21T01:38:37Z" duration-ms="6030" status="PASS">
          <reporter-output>
          </reporter-output>
        </test-method> <!-- login -->
        <test-method signature="executeTest()[pri:0, instance:SeleniumGradleProject.TestCase001@75d2da2d]" started-at="2021-01-21T01:38:37Z" name="executeTest" finished-at="2021-01-21T01:38:37Z" duration-ms="14" status="PASS">
          <reporter-output>
          </reporter-output>
        </test-method> <!-- executeTest -->
        <test-method is-config="true" signature="logout()[pri:0, instance:SeleniumGradleProject.TestCase001@75d2da2d]" started-at="2021-01-21T01:38:37Z" name="logout" finished-at="2021-01-21T01:38:43Z" duration-ms="6049" status="PASS">
          <reporter-output>
          </reporter-output>
        </test-method> <!-- logout -->
      </class> <!-- SeleniumGradleProject.TestCase001 -->
    </test> <!-- Default test -->
  </suite> <!-- Default suite -->
</testng-results>
